[    0.000000] Initializing cgroup subsys cpuset
[    0.000000] Initializing cgroup subsys cpu
[    0.000000] Initializing cgroup subsys cpuacct
[    0.000000] Linux version 4.4.0-142-generic (buildd@lgw01-amd64-033) (gcc version 5.4.0 20160609 (Ubuntu 5.4.0-6ubuntu1~16.04.10) ) #168-Ubuntu SMP Wed Jan 16 21:00:45 UTC 2019 (Ubuntu 4.4.0-142.168-generic 4.4.167)
[    0.000000] Command line: BOOT_IMAGE=/boot/vmlinuz-4.4.0-142-generic root=LABEL=cloudimg-rootfs ro console=tty1 console=ttyS0
[    0.000000] KERNEL supported cpus:
[    0.000000]   Intel GenuineIntel
[    0.000000]   AMD AuthenticAMD
[    0.000000]   Centaur CentaurHauls
[    0.000000] x86/fpu: xstate_offset[2]:  576, xstate_sizes[2]:  256
[    0.000000] x86/fpu: Supporting XSAVE feature 0x01: 'x87 floating point registers'
[    0.000000] x86/fpu: Supporting XSAVE feature 0x02: 'SSE registers'
[    0.000000] x86/fpu: Supporting XSAVE feature 0x04: 'AVX registers'
[    0.000000] x86/fpu: Enabled xstate features 0x7, context size is 832 bytes, using 'standard' format.
[    0.000000] e820: BIOS-provided physical RAM map:
[    0.000000] BIOS-e820: [mem 0x0000000000000000-0x000000000009fbff] usable
[    0.000000] BIOS-e820: [mem 0x000000000009fc00-0x000000000009ffff] reserved
[    0.000000] BIOS-e820: [mem 0x00000000000f0000-0x00000000000fffff] reserved
[    0.000000] BIOS-e820: [mem 0x0000000000100000-0x000000003ffeffff] usable
[    0.000000] BIOS-e820: [mem 0x000000003fff0000-0x000000003fffffff] ACPI data
[    0.000000] BIOS-e820: [mem 0x00000000fec00000-0x00000000fec00fff] reserved
[    0.000000] BIOS-e820: [mem 0x00000000fee00000-0x00000000fee00fff] reserved
[    0.000000] BIOS-e820: [mem 0x00000000fffc0000-0x00000000ffffffff] reserved
[    0.000000] NX (Execute Disable) protection: active
[    0.000000] SMBIOS 2.5 present.
[    0.000000] Hypervisor detected: KVM
[    0.000000] e820: last_pfn = 0x3fff0 max_arch_pfn = 0x400000000
[    0.000000] MTRR: Disabled
[    0.000000] x86/PAT: MTRRs disabled, skipping PAT initialization too.
[    0.000000] CPU MTRRs all blank - virtualized system.
[    0.000000] x86/PAT: Configuration [0-7]: WB  WT  UC- UC  WB  WT  UC- UC  
[    0.000000] found SMP MP-table at [mem 0x0009fff0-0x0009ffff] mapped at [ffff88000009fff0]
[    0.000000] Scanning 1 areas for low memory corruption
[    0.000000] RAMDISK: [mem 0x361e2000-0x370e8fff]
[    0.000000] ACPI: Early table checksum verification disabled
[    0.000000] ACPI: RSDP 0x00000000000E0000 000024 (v02 VBOX  )
[    0.000000] ACPI: XSDT 0x000000003FFF0030 00003C (v01 VBOX   VBOXXSDT 00000001 ASL  00000061)
[    0.000000] ACPI: FACP 0x000000003FFF00F0 0000F4 (v04 VBOX   VBOXFACP 00000001 ASL  00000061)
[    0.000000] ACPI: DSDT 0x000000003FFF0470 0022EA (v02 VBOX   VBOXBIOS 00000002 INTL 20100528)
[    0.000000] ACPI: FACS 0x000000003FFF0200 000040
[    0.000000] ACPI: FACS 0x000000003FFF0200 000040
[    0.000000] ACPI: APIC 0x000000003FFF0240 00005C (v02 VBOX   VBOXAPIC 00000001 ASL  00000061)
[    0.000000] ACPI: SSDT 0x000000003FFF02A0 0001CC (v01 VBOX   VBOXCPUT 00000002 INTL 20100528)
[    0.000000] No NUMA configuration found
[    0.000000] Faking a node at [mem 0x0000000000000000-0x000000003ffeffff]
[    0.000000] NODE_DATA(0) allocated [mem 0x3ffeb000-0x3ffeffff]
[    0.000000] kvm-clock: Using msrs 4b564d01 and 4b564d00
[    0.000000] kvm-clock: cpu 0, msr 0:3ffe3001, primary cpu clock
[    0.000000] kvm-clock: using sched offset of 4163505392 cycles
[    0.000000] clocksource: kvm-clock: mask: 0xffffffffffffffff max_cycles: 0x1cd42e4dffb, max_idle_ns: 881590591483 ns
[    0.000000] Zone ranges:
[    0.000000]   DMA      [mem 0x0000000000001000-0x0000000000ffffff]
[    0.000000]   DMA32    [mem 0x0000000001000000-0x000000003ffeffff]
[    0.000000]   Normal   empty
[    0.000000]   Device   empty
[    0.000000] Movable zone start for each node
[    0.000000] Early memory node ranges
[    0.000000]   node   0: [mem 0x0000000000001000-0x000000000009efff]
[    0.000000]   node   0: [mem 0x0000000000100000-0x000000003ffeffff]
[    0.000000] Initmem setup node 0 [mem 0x0000000000001000-0x000000003ffeffff]
[    0.000000] ACPI: PM-Timer IO Port: 0x4008
[    0.000000] IOAPIC[0]: apic_id 2, version 32, address 0xfec00000, GSI 0-23
[    0.000000] ACPI: INT_SRC_OVR (bus 0 bus_irq 0 global_irq 2 dfl dfl)
[    0.000000] ACPI: INT_SRC_OVR (bus 0 bus_irq 9 global_irq 9 low level)
[    0.000000] Using ACPI (MADT) for SMP configuration information
[    0.000000] smpboot: Allowing 2 CPUs, 0 hotplug CPUs
[    0.000000] PM: Registered nosave memory: [mem 0x00000000-0x00000fff]
[    0.000000] PM: Registered nosave memory: [mem 0x0009f000-0x0009ffff]
[    0.000000] PM: Registered nosave memory: [mem 0x000a0000-0x000effff]
[    0.000000] PM: Registered nosave memory: [mem 0x000f0000-0x000fffff]
[    0.000000] e820: [mem 0x40000000-0xfebfffff] available for PCI devices
[    0.000000] Booting paravirtualized kernel on KVM
[    0.000000] clocksource: refined-jiffies: mask: 0xffffffff max_cycles: 0xffffffff, max_idle_ns: 7645519600211568 ns
[    0.000000] setup_percpu: NR_CPUS:512 nr_cpumask_bits:512 nr_cpu_ids:2 nr_node_ids:1
[    0.000000] PERCPU: Embedded 34 pages/cpu @ffff88003fc00000 s99480 r8192 d31592 u1048576
[    0.000000] Built 1 zonelists in Node order, mobility grouping on.  Total pages: 257912
[    0.000000] Policy zone: DMA32
[    0.000000] Kernel command line: BOOT_IMAGE=/boot/vmlinuz-4.4.0-142-generic root=LABEL=cloudimg-rootfs ro console=tty1 console=ttyS0
[    0.000000] PID hash table entries: 4096 (order: 3, 32768 bytes)
[    0.000000] Memory: 997144K/1048120K available (8603K kernel code, 1332K rwdata, 4004K rodata, 1484K init, 1316K bss, 50976K reserved, 0K cma-reserved)
[    0.000000] SLUB: HWalign=64, Order=0-3, MinObjects=0, CPUs=2, Nodes=1
[    0.000000] Kernel/User page tables isolation: enabled
[    0.000000] Hierarchical RCU implementation.
[    0.000000] 	Build-time adjustment of leaf fanout to 64.
[    0.000000] 	RCU restricting CPUs from NR_CPUS=512 to nr_cpu_ids=2.
[    0.000000] RCU: Adjusting geometry for rcu_fanout_leaf=64, nr_cpu_ids=2
[    0.000000] NR_IRQS:33024 nr_irqs:440 16
[    0.000000] Console: colour VGA+ 80x25
[    0.000000] console [tty1] enabled
[    0.000000] console [ttyS0] enabled
[    0.000000] tsc: Detected 1800.000 MHz processor
[    0.223413] Calibrating delay loop (skipped) preset value.. 3600.00 BogoMIPS (lpj=7200000)
[    0.225544] pid_max: default: 32768 minimum: 301
[    0.226785] ACPI: Core revision 20150930
[    0.228666] ACPI: 2 ACPI AML tables successfully acquired and loaded
[    0.230531] Security Framework initialized
[    0.231567] Yama: becoming mindful.
[    0.232712] AppArmor: AppArmor initialized
[    0.234005] Dentry cache hash table entries: 131072 (order: 8, 1048576 bytes)
[    0.237396] Inode-cache hash table entries: 65536 (order: 7, 524288 bytes)
[    0.239540] Mount-cache hash table entries: 2048 (order: 2, 16384 bytes)
[    0.241464] Mountpoint-cache hash table entries: 2048 (order: 2, 16384 bytes)
[    0.243342] Initializing cgroup subsys io
[    0.244544] Initializing cgroup subsys memory
[    0.245759] Initializing cgroup subsys devices
[    0.247147] Initializing cgroup subsys freezer
[    0.248250] Initializing cgroup subsys net_cls
[    0.249389] Initializing cgroup subsys perf_event
[    0.251008] Initializing cgroup subsys net_prio
[    0.252587] Initializing cgroup subsys hugetlb
[    0.253923] Initializing cgroup subsys pids
[    0.256294] mce: CPU supports 0 MCE banks
[    0.257562] Last level iTLB entries: 4KB 64, 2MB 8, 4MB 8
[    0.258981] Last level dTLB entries: 4KB 64, 2MB 0, 4MB 0, 1GB 4
[    0.260360] Spectre V2 : Mitigation: Full generic retpoline
[    0.261644] Spectre V2 : Spectre v2 / SpectreRSB mitigation: Filling RSB on context switch
[    0.263742] Speculative Store Bypass: Vulnerable
[    0.267947] Freeing SMP alternatives memory: 32K
[    0.277837] ftrace: allocating 32277 entries in 127 pages
[    0.350829] smpboot: APIC(0) Converting physical 0 to logical package 0
[    0.358242] smpboot: Max logical packages: 1
[    0.363923] x2apic enabled
[    0.365453] Switched APIC routing to physical x2apic.
[    0.367896] ..TIMER: vector=0x30 apic1=0 pin1=2 apic2=-1 pin2=-1
[    0.474336] smpboot: CPU0: Intel(R) Core(TM) i5-5350U CPU @ 1.80GHz (family: 0x6, model: 0x3d, stepping: 0x4)
[    0.482815] Performance Events: unsupported p6 CPU model 61 no PMU driver, software events only.
[    0.508413] KVM setup paravirtual spinlock
[    0.515004] x86: Booting SMP configuration:
[    0.516780] .... node  #0, CPUs:      #1
[    0.518610] kvm-clock: cpu 1, msr 0:3ffe3041, secondary cpu clock
[    0.521936] mce: CPU supports 0 MCE banks
[    0.525104] x86: Booted up 1 node, 2 CPUs
[    0.527491] smpboot: Total of 2 processors activated (7200.00 BogoMIPS)
[    0.532174] devtmpfs: initialized
[    0.534510] evm: security.selinux
[    0.535504] evm: security.SMACK64
[    0.536690] evm: security.SMACK64EXEC
[    0.538256] evm: security.SMACK64TRANSMUTE
[    0.539569] evm: security.SMACK64MMAP
[    0.541383] evm: security.ima
[    0.542531] evm: security.capability
[    0.544251] clocksource: jiffies: mask: 0xffffffff max_cycles: 0xffffffff, max_idle_ns: 7645041785100000 ns
[    0.547606] futex hash table entries: 512 (order: 3, 32768 bytes)
[    0.549267] pinctrl core: initialized pinctrl subsystem
[    0.550658] RTC time: 18:31:35, date: 09/14/19
[    0.552050] NET: Registered protocol family 16
[    0.563151] cpuidle: using governor ladder
[    0.575366] cpuidle: using governor menu
[    0.577813] PCCT header not found.
[    0.579345] ACPI: bus type PCI registered
[    0.580397] acpiphp: ACPI Hot Plug PCI Controller Driver version: 0.5
[    0.582054] PCI: Using configuration type 1 for base access
[    0.596695] ACPI: Added _OSI(Module Device)
[    0.598277] ACPI: Added _OSI(Processor Device)
[    0.599596] ACPI: Added _OSI(3.0 _SCP Extensions)
[    0.600864] ACPI: Added _OSI(Processor Aggregator Device)
[    0.613500] ACPI: Executed 1 blocks of module-level executable AML code
[    0.618162] ACPI: Interpreter enabled
[    0.619323] ACPI: (supports S0 S5)
[    0.620236] ACPI: Using IOAPIC for interrupt routing
[    0.621715] PCI: Using host bridge windows from ACPI; if necessary, use "pci=nocrs" and report a bug
[    0.629605] ACPI: PCI Root Bridge [PCI0] (domain 0000 [bus 00-ff])
[    0.631145] acpi PNP0A03:00: _OSC: OS supports [ASPM ClockPM Segments MSI]
[    0.634308] acpi PNP0A03:00: _OSC: not requesting OS control; OS requires [ExtendedConfig ASPM ClockPM MSI]
[    0.637881] acpi PNP0A03:00: fail to add MMCONFIG information, can't access extended PCI configuration space under this bridge.
[    0.643148] PCI host bridge to bus 0000:00
[    0.644618] pci_bus 0000:00: root bus resource [io  0x0000-0x0cf7 window]
[    0.647175] pci_bus 0000:00: root bus resource [io  0x0d00-0xffff window]
[    0.650794] pci_bus 0000:00: root bus resource [mem 0x000a0000-0x000bffff window]
[    0.652935] pci_bus 0000:00: root bus resource [mem 0x40000000-0xfdffffff window]
[    0.654954] pci_bus 0000:00: root bus resource [bus 00-ff]
[    0.660021] pci 0000:00:01.1: legacy IDE quirk: reg 0x10: [io  0x01f0-0x01f7]
[    0.661656] pci 0000:00:01.1: legacy IDE quirk: reg 0x14: [io  0x03f6]
[    0.663305] pci 0000:00:01.1: legacy IDE quirk: reg 0x18: [io  0x0170-0x0177]
[    0.665470] pci 0000:00:01.1: legacy IDE quirk: reg 0x1c: [io  0x0376]
[    0.690034] pci 0000:00:07.0: quirk: [io  0x4000-0x403f] claimed by PIIX4 ACPI
[    0.692248] pci 0000:00:07.0: quirk: [io  0x4100-0x410f] claimed by PIIX4 SMB
[    0.713411] ACPI: PCI Interrupt Link [LNKA] (IRQs 5 9 10 *11)
[    0.715582] ACPI: PCI Interrupt Link [LNKB] (IRQs 5 9 *10 11)
[    0.718173] ACPI: PCI Interrupt Link [LNKC] (IRQs 5 *9 10 11)
[    0.720370] ACPI: PCI Interrupt Link [LNKD] (IRQs 5 9 10 *11)
[    0.722884] ACPI: Enabled 2 GPEs in block 00 to 07
[    0.724759] vgaarb: setting as boot device: PCI:0000:00:02.0
[    0.726388] vgaarb: device added: PCI:0000:00:02.0,decodes=io+mem,owns=io+mem,locks=none
[    0.728531] vgaarb: loaded
[    0.729635] vgaarb: bridge control possible 0000:00:02.0
[    0.731233] SCSI subsystem initialized
[    0.732408] ACPI: bus type USB registered
[    0.733637] usbcore: registered new interface driver usbfs
[    0.735032] usbcore: registered new interface driver hub
[    0.736604] usbcore: registered new device driver usb
[    0.740208] PCI: Using ACPI for IRQ routing
[    0.742081] NetLabel: Initializing
[    0.743063] NetLabel:  domain hash size = 128
[    0.744287] NetLabel:  protocols = UNLABELED CIPSOv4
[    0.746057] NetLabel:  unlabeled traffic allowed by default
[    0.747763] amd_nb: Cannot enumerate AMD northbridges
[    0.749407] clocksource: Switched to clocksource kvm-clock
[    0.761926] AppArmor: AppArmor Filesystem Enabled
[    0.763659] pnp: PnP ACPI init
[    0.766031] pnp: PnP ACPI: found 3 devices
[    0.778550] clocksource: acpi_pm: mask: 0xffffff max_cycles: 0xffffff, max_idle_ns: 2085701024 ns
[    0.780762] NET: Registered protocol family 2
[    0.782054] TCP established hash table entries: 8192 (order: 4, 65536 bytes)
[    0.783872] TCP bind hash table entries: 8192 (order: 5, 131072 bytes)
[    0.785582] TCP: Hash tables configured (established 8192 bind 8192)
[    0.787776] UDP hash table entries: 512 (order: 2, 16384 bytes)
[    0.789159] UDP-Lite hash table entries: 512 (order: 2, 16384 bytes)
[    0.790730] NET: Registered protocol family 1
[    0.791815] pci 0000:00:00.0: Limiting direct PCI/PCI transfers
[    0.793193] pci 0000:00:01.0: Activating ISA DMA hang workarounds
[    0.795163] Unpacking initramfs...
[    1.067455] Freeing initrd memory: 15388K
[    1.068701] RAPL PMU detected, API unit is 2^-32 Joules, 4 fixed counters 10737418240 ms ovfl timer
[    1.071142] hw unit of domain pp0-core 2^-0 Joules
[    1.072305] hw unit of domain package 2^-0 Joules
[    1.073456] hw unit of domain dram 2^-0 Joules
[    1.075236] hw unit of domain pp1-gpu 2^-0 Joules
[    1.076997] platform rtc_cmos: registered platform RTC device (no PNP device found)
[    1.079005] Scanning for low memory corruption every 60 seconds
[    1.080991] audit: initializing netlink subsys (disabled)
[    1.082739] audit: type=2000 audit(1568485901.315:1): initialized
[    1.084424] Initialise system trusted keyring
[    1.085908] HugeTLB registered 2 MB page size, pre-allocated 0 pages
[    1.088582] zbud: loaded
[    1.090155] VFS: Disk quotas dquot_6.6.0
[    1.091387] VFS: Dquot-cache hash table entries: 512 (order 0, 4096 bytes)
[    1.093207] squashfs: version 4.0 (2009/01/31) Phillip Lougher
[    1.095540] fuse init (API version 7.23)
[    1.097022] Key type big_key registered
[    1.098241] Allocating IMA MOK and blacklist keyrings.
[    1.102409] Key type asymmetric registered
[    1.106297] Asymmetric key parser 'x509' registered
[    1.115970] Block layer SCSI generic (bsg) driver version 0.4 loaded (major 249)
[    1.118367] io scheduler noop registered
[    1.119366] io scheduler deadline registered (default)
[    1.120737] io scheduler cfq registered
[    1.121840] pci_hotplug: PCI Hot Plug PCI Core version: 0.5
[    1.123671] pciehp: PCI Express Hot Plug Controller Driver version: 0.4
[    1.125602] ACPI: AC Adapter [AC] (on-line)
[    1.126775] input: Power Button as /devices/LNXSYSTM:00/LNXPWRBN:00/input/input0
[    1.128618] ACPI: Power Button [PWRF]
[    1.129764] input: Sleep Button as /devices/LNXSYSTM:00/LNXSLPBN:00/input/input1
[    1.132116] ACPI: Sleep Button [SLPF]
[    1.134571] ACPI: Battery Slot [BAT0] (battery present)
[    1.136021] GHES: HEST is not enabled!
[    1.137429] Serial: 8250/16550 driver, 32 ports, IRQ sharing enabled
[    1.160538] 00:02: ttyS0 at I/O 0x3f8 (irq = 4, base_baud = 115200) is a 16550A
[    1.164621] Linux agpgart interface v0.103
[    1.170143] loop: module loaded
[    1.172215] scsi host0: ata_piix
[    1.173459] scsi host1: ata_piix
[    1.174358] ata1: PATA max UDMA/33 cmd 0x1f0 ctl 0x3f6 bmdma 0xd000 irq 14
[    1.177160] ata2: PATA max UDMA/33 cmd 0x170 ctl 0x376 bmdma 0xd008 irq 15
[    1.179404] libphy: Fixed MDIO Bus: probed
[    1.180589] tun: Universal TUN/TAP device driver, 1.6
[    1.182194] tun: (C) 1999-2004 Max Krasnyansky <maxk@qualcomm.com>
[    1.183751] PPP generic driver version 2.4.2
[    1.184896] ehci_hcd: USB 2.0 'Enhanced' Host Controller (EHCI) Driver
[    1.186696] ehci-pci: EHCI PCI platform driver
[    1.187868] ehci-platform: EHCI generic platform driver
[    1.189161] ohci_hcd: USB 1.1 'Open' Host Controller (OHCI) Driver
[    1.190931] ohci-pci: OHCI PCI platform driver
[    1.192164] ohci-platform: OHCI generic platform driver
[    1.193533] uhci_hcd: USB Universal Host Controller Interface driver
[    1.195467] i8042: PNP: PS/2 Controller [PNP0303:PS2K,PNP0f03:PS2M] at 0x60,0x64 irq 1,12
[    1.198275] serio: i8042 KBD port at 0x60,0x64 irq 1
[    1.199472] serio: i8042 AUX port at 0x60,0x64 irq 12
[    1.200804] mousedev: PS/2 mouse device common for all mice
[    1.203022] rtc_cmos rtc_cmos: rtc core: registered rtc_cmos as rtc0
[    1.204692] rtc_cmos rtc_cmos: alarms up to one day, 114 bytes nvram
[    1.206866] input: AT Translated Set 2 keyboard as /devices/platform/i8042/serio0/input/input2
[    1.209056] i2c /dev entries driver
[    1.210396] device-mapper: uevent: version 1.0.3
[    1.211781] device-mapper: ioctl: 4.34.0-ioctl (2015-10-28) initialised: dm-devel@redhat.com
[    1.213888] ledtrig-cpu: registered to indicate activity on CPUs
[    1.216358] NET: Registered protocol family 10
[    1.217834] NET: Registered protocol family 17
[    1.219231] Key type dns_resolver registered
[    1.220548] registered taskstats version 1
[    1.221719] Loading compiled-in X.509 certificates
[    1.223727] Loaded X.509 cert 'Build time autogenerated kernel key: bff73e56bc0efa7435b2a24f5427674623f1be80'
[    1.226480] zswap: loaded using pool lzo/zbud
[    1.230812] Key type trusted registered
[    1.236450] Key type encrypted registered
[    1.237499] AppArmor: AppArmor sha1 policy hashing enabled
[    1.239019] ima: No TPM chip found, activating TPM-bypass!
[    1.240293] ima: Allocated hash algorithm: sha1
[    1.242394] evm: HMAC attrs: 0x1
[    1.244301]   Magic number: 3:458:544
[    1.245295] tty ttyS20: hash matches
[    1.246567] rtc_cmos rtc_cmos: setting system clock to 2019-09-14 18:31:36 UTC (1568485896)
[    1.249056] BIOS EDD facility v0.16 2004-Jun-25, 0 devices found
[    1.250780] EDD information not available.
[    1.336677] Freeing unused kernel memory: 1484K
[    1.338527] Write protecting the kernel read-only data: 14336k
[    1.340883] Freeing unused kernel memory: 1624K
[    1.342389] Freeing unused kernel memory: 92K
Loading, please wait...
starting version 229
[    1.369191] random: systemd-udevd: uninitialized urandom read (16 bytes read, 3 bits of entropy available)
[    1.370105] random: udevadm: uninitialized urandom read (16 bytes read, 3 bits of entropy available)
[    1.370124] random: udevadm: uninitialized urandom read (16 bytes read, 3 bits of entropy available)
[    1.379246] random: systemd-udevd: uninitialized urandom read (16 bytes read, 3 bits of entropy available)
[    1.380892] random: udevadm: uninitialized urandom read (16 bytes read, 3 bits of entropy available)
[    1.380940] random: udevadm: uninitialized urandom read (16 bytes read, 3 bits of entropy available)
[    1.381077] random: udevadm: uninitialized urandom read (16 bytes read, 3 bits of entropy available)
[    1.381128] random: udevadm: uninitialized urandom read (16 bytes read, 3 bits of entropy available)
[    1.381177] random: udevadm: uninitialized urandom read (16 bytes read, 3 bits of entropy available)
[    1.381226] random: udevadm: uninitialized urandom read (16 bytes read, 3 bits of entropy available)
[    1.432696] e1000: Intel(R) PRO/1000 Network Driver - version 7.3.21-k8-NAPI
[    1.435106] e1000: Copyright (c) 1999-2006 Intel Corporation.
[    1.438112] [drm] Initialized drm 1.1.0 20060810
[    1.440827] Fusion MPT base driver 3.04.20
[    1.442776] Copyright (c) 1999-2008 LSI Corporation
[    1.458836] vboxvideo: loading out-of-tree module taints kernel.
[    1.461201] vboxvideo: module verification failed: signature and/or required key missing - tainting kernel
[    1.473762] [drm] VRAM 01000000
[    1.477197] Fusion MPT SPI Host driver 3.04.20
[    1.479248] AVX2 version of gcm_enc/dec engaged.
[    1.480945] AES CTR mode by8 optimization enabled
[    1.483347] [TTM] Zone  kernel: Available graphics memory: 507882 kiB
[    1.485780] [TTM] Initializing pool allocator
[    1.487338] [TTM] Initializing DMA pool allocator
[    1.493289] fbcon: vboxdrmfb (fb0) is primary device
[    1.501406] Console: switching to colour frame buffer device 100x37
[    1.505992] vboxvideo 0000:00:02.0: fb0: vboxdrmfb frame buffer device
[    1.517689] [drm] Initialized vboxvideo 1.0.0 20130823 for 0000:00:02.0 on minor 0
[    1.657238] input: ImExPS/2 Generic Explorer Mouse as /devices/platform/i8042/serio1/input/input4
[    1.938846] e1000 0000:00:03.0 eth0: (PCI:33MHz:32-bit) 02:3e:59:1c:26:9a
[    1.940314] e1000 0000:00:03.0 eth0: Intel(R) PRO/1000 Network Connection
[    1.942691] mptbase: ioc0: Initiating bringup
[    1.943202] e1000 0000:00:03.0 enp0s3: renamed from eth0
[    2.017108] ioc0: LSI53C1030 A0: Capabilities={Initiator}
[    2.076183] tsc: Refined TSC clocksource calibration: 1799.148 MHz
[    2.078067] clocksource: tsc: mask: 0xffffffffffffffff max_cycles: 0x19ef04de6fd, max_idle_ns: 440795277727 ns
[    2.359201] scsi host2: ioc0: LSI53C1030 A0, FwRev=00000000h, Ports=1, MaxQ=256, IRQ=20
[    2.506485] scsi 2:0:0:0: Direct-Access     VBOX     HARDDISK         1.0  PQ: 0 ANSI: 5
[    2.508694] scsi target2:0:0: Beginning Domain Validation
[    2.512007] scsi target2:0:0: Domain Validation skipping write tests
[    2.514321] scsi target2:0:0: Ending Domain Validation
[    2.515688] scsi target2:0:0: asynchronous
[    2.517813] scsi 2:0:1:0: Direct-Access     VBOX     HARDDISK         1.0  PQ: 0 ANSI: 5
[    2.519455] scsi target2:0:1: Beginning Domain Validation
[    2.523293] scsi target2:0:1: Domain Validation skipping write tests
[    2.524694] scsi target2:0:1: Ending Domain Validation
[    2.526066] scsi target2:0:1: asynchronous
[    2.533983] sd 2:0:0:0: Attached scsi generic sg0 type 0
[    2.535283] sd 2:0:0:0: [sda] 20971520 512-byte logical blocks: (10.7 GB/10.0 GiB)
[    2.538008] sd 2:0:0:0: [sda] Write Protect is off
[    2.539772] sd 2:0:1:0: Attached scsi generic sg1 type 0
[    2.539928] sd 2:0:1:0: [sdb] 20480 512-byte logical blocks: (10.5 MB/10.0 MiB)
[    2.539979] sd 2:0:0:0: [sda] Incomplete mode parameter data
[    2.539980] sd 2:0:0:0: [sda] Assuming drive cache: write through
[    2.540075] sd 2:0:1:0: [sdb] Write Protect is off
[    2.540355] sd 2:0:1:0: [sdb] Incomplete mode parameter data
[    2.540357] sd 2:0:1:0: [sdb] Assuming drive cache: write through
[    2.542327]  sda: sda1
[    2.543392] sd 2:0:0:0: [sda] Attached SCSI disk
[    2.544158] sd 2:0:1:0: [sdb] Attached SCSI disk
Begin: Loading essential drivers ... [    2.668607] md: linear personality registered for level -1
[    2.673992] md: multipath personality registered for level -4
[    2.679021] md: raid0 personality registered for level 0
[    2.686298] md: raid1 personality registered for level 1
[    2.761523] raid6: sse2x1   gen()  3960 MB/s
[    2.830037] raid6: sse2x1   xor()  5911 MB/s
[    2.897713] raid6: sse2x2   gen()  8935 MB/s
[    2.965427] raid6: sse2x2   xor()  7061 MB/s
[    3.033474] raid6: sse2x4   gen() 10913 MB/s
[    3.101908] raid6: sse2x4   xor()  8189 MB/s
[    3.169823] raid6: avx2x1   gen() 12915 MB/s
[    3.237452] raid6: avx2x2   gen() 19055 MB/s
[    3.306189] raid6: avx2x4   gen() 20224 MB/s
[    3.307374] raid6: using algorithm avx2x4 gen() 20224 MB/s
[    3.308676] raid6: using avx2x2 recovery algorithm
[    3.311476] xor: automatically using best checksumming function:
[    3.349900]    avx       : 26505.000 MB/sec
[    3.352480] async_tx: api initialized (async)
[    3.376317] md: raid6 personality registered for level 6
[    3.378388] md: raid5 personality registered for level 5
[    3.380026] md: raid4 personality registered for level 4
[    3.390173] md: raid10 personality registered for level 10
done.
Begin: Running /scripts/init-premount ... done.
Begin: Mounting root file system ... Begin: Running /scripts/local-top ... done.
Begin: Running /scripts/local-premount ... [    3.427010] Btrfs loaded
Scanning for Btrfs filesystems
done.
Warning: fsck not present, so skipping root file system
[    3.491604] EXT4-fs (sda1): mounted filesystem with ordered data mode. Opts: (null)
done.
Begin: Running /scripts/local-bottom ... done.
Begin: Running /scripts/init-bottom ... done.
[    3.757895] systemd[1]: systemd 229 running in system mode. (+PAM +AUDIT +SELINUX +IMA +APPARMOR +SMACK +SYSVINIT +UTMP +LIBCRYPTSETUP +GCRYPT +GNUTLS +ACL +XZ -LZ4 +SECCOMP +BLKID +ELFUTILS +KMOD -IDN)
[    3.762255] systemd[1]: Detected virtualization oracle.
[    3.763505] systemd[1]: Detected architecture x86-64.

Welcome to [1mUbuntu 16.04.5 LTS[0m!

[    3.771055] systemd[1]: Set hostname to <ubuntu-xenial>.
[    4.251845] systemd[1]: Reached target System Time Synchronized.
[[0;32m  OK  [0m] Reached target System Time Synchronized.
[    4.254949] systemd[1]: Reached target User and Group Name Lookups.
[[0;32m  OK  [0m] Reached target User and Group Name Lookups.
[    4.257783] systemd[1]: Started Forward Password Requests to Wall Directory Watch.
[[0;32m  OK  [0m] Started Forward Password Requests to Wall Directory Watch.
[    4.261925] systemd[1]: Listening on Journal Audit Socket.
[[0;32m  OK  [0m] Listening on Journal Audit Socket.
[    4.264368] systemd[1]: Listening on Journal Socket (/dev/log).
[[0;32m  OK  [0m] Listening on Journal Socket (/dev/log).
[    4.274515] systemd[1]: Listening on udev Control Socket.
[[0;32m  OK  [0m] Listening on udev Control Socket.
[    4.278760] systemd[1]: Started Trigger resolvconf update for networkd DNS.
[[0;32m  OK  [0m] Started Trigger resolvconf update for networkd DNS.
[    4.283542] systemd[1]: Listening on LVM2 poll daemon socket.
[[0;32m  OK  [0m] Listening on LVM2 poll daemon socket.
[    4.286679] systemd[1]: Reached target Encrypted Volumes.
[[0;32m  OK  [0m] Reached target Encrypted Volumes.
[    4.294326] systemd[1]: Listening on Device-mapper event daemon FIFOs.
[[0;32m  OK  [0m] Listening on Device-mapper event daemon FIFOs.
[    4.298557] systemd[1]: Listening on /dev/initctl Compatibility Named Pipe.
[[0;32m  OK  [0m] Listening on /dev/initctl Compatibility Named Pipe.
[    4.302427] systemd[1]: Listening on LVM2 metadata daemon socket.
[[0;32m  OK  [0m] Listening on LVM2 metadata daemon socket.
[    4.305110] systemd[1]: Listening on Journal Socket.
[[0;32m  OK  [0m] Listening on Journal Socket.
[    4.307640] systemd[1]: Listening on Syslog Socket.
[[0;32m  OK  [0m] Listening on Syslog Socket.
[    4.310376] systemd[1]: Set up automount Arbitrary Executable File Formats File System Automount Point.
[[0;32m  OK  [0m] Set up automount Arbitrary Executab...ats File System Automount Point.
[    4.315718] systemd[1]: Reached target Swap.
[[0;32m  OK  [0m] Reached target Swap.
[    4.319870] systemd[1]: Created slice User and Session Slice.
[[0;32m  OK  [0m] Created slice User and Session Slice.
[    4.322826] systemd[1]: Created slice System Slice.
[[0;32m  OK  [0m] Created slice System Slice.
[    4.345964] systemd[1]: Mounting Huge Pages File System...
         Mounting Huge Pages File System...
[    4.351071] systemd[1]: Mounting Debug File System...
         Mounting Debug File System...
[    4.355348] systemd[1]: Starting Uncomplicated firewall...
         Starting Uncomplicated firewall...
[    4.364300] systemd[1]: Reached target Slices.
[[0;32m  OK  [0m] Reached target Slices.
[    4.398394] systemd[1]: Starting Remount Root and Kernel File Systems...
         Starting Remount Root and Kernel File Systems...
[    4.408726] EXT4-fs (sda1): re-mounted. Opts: (null)
[    4.414832] systemd[1]: Starting Load Kernel Modules...
         Starting Load Kernel Modules...
[    4.419300] systemd[1]: Starting Nameserver information manager...
         Starting Nameserver information manager...
[    4.430714] systemd[1]: Starting Set console keymap...
[    4.431219] Loading iSCSI transport class v2.0-870.
         Starting Set console keymap...
[    4.439007] systemd[1]: Mounting POSIX Message Queue File System...
         Mounting POSIX Message Queue File System...
[    4.447595] systemd[1]: Starting Create list of required static device nodes for the current kernel...
         Starting Create list of required st... nodes for the current kernel...
[    4.458752] systemd[1]: Created slice system-serial\x2dgetty.slice.
[[0;32m  OK  [0m] Created slice system-serial\x2dgetty.slice.
[    4.463036] systemd[1]: Starting Monitoring of LVM2 mirrors, snapshots etc. using dmeventd or progress polling...
[    4.467855] iscsi: registered transport (tcp)
         Starting Monitoring of LVM2 mirrors... dmeventd or progress polling...
[    4.472439] systemd[1]: Starting Journal Service...
         Starting Journal Service...
[    4.481445] systemd[1]: Listening on udev Kernel Socket.
[[0;32m  OK  [0m] Listening on udev Kernel Socket.
[    4.490422] systemd[1]: Mounted Debug File System.
[[0;32m  OK  [0m] Mounted Debug File System.
[    4.498483] systemd[1]: Mounted Huge Pages File System.
[[0;32m  OK  [0m] Mounted Huge Pages File System.
[    4.503199] systemd[1]: Mounted POSIX Message Queue File System.
[[0;32m  OK  [0m] Mounted POSIX Message Queue File System.
[    4.508749] systemd[1]: Started Uncomplicated firewall.
[[0;32m  OK  [0m] Started Uncomplicated firewall.
[    4.514948] systemd[1]: Started Remount Root and Kernel File Systems.
[[0;32m  OK  [0m] Started Remount Root and Kernel File Systems.
[    4.538667] systemd[1]: Started Create list of required static device nodes for the current kernel.
[[0;32m  OK  [0m] Started Create list of required sta...ce nodes for the current kernel.
[    4.545183] systemd[1]: Started Nameserver information manager.
[[0;32m  OK  [0m] Started Nameserver information manager.
[    4.554160] systemd[1]: Started Set console keymap.
[[0;32m  OK  [0m] Started Set console keymap.
[    4.558270] systemd[1]: Started Journal Service.
[[0;32m  OK  [0m] Started Journal Service.
[    4.563349] iscsi: registered transport (iser)
[[0;32m  OK  [0m] Started Load Kernel Modules.
[[0;32m  OK  [0m] Started LVM2 metadata daemon.
         Mounting FUSE Control File System...
         Starting Apply Kernel Variables...
         Starting Create Static Device Nodes in /dev...
         Starting Load/Save Random Seed...
         Starting Flush Journal to Persistent Storage...
         Starting udev Coldplug all Devices...
[[0;32m  OK  [0m] Mounted FUSE Control File System.
[[0;32m  OK  [0m] Started Load/Save Random Seed.
[[0;32m  OK  [0m] Started Apply Kernel Variables.
[[0;32m  OK  [0m] Started Create Static Device Nodes in /dev.
[[0;32m  OK  [0m] Started Flush Journal to Persistent Storage.
         Starting udev Kernel Device Manager...
[[0;32m  OK  [0m] Started udev Coldplug all Devices.
[[0;32m  OK  [0m] Started udev Kernel Device Manager.
[[0;32m  OK  [0m] Started Dispatch Password Requests to Console Directory Watch.
[[0;32m  OK  [0m] Found device /dev/ttyS0.
[[0;32m  OK  [0m] Listening on Load/Save RF Kill Switch Status /dev/rfkill Watch.
[[0;32m  OK  [0m] Started Monitoring of LVM2 mirrors,...ng dmeventd or progress polling.
[[0;32m  OK  [0m] Reached target Local File Systems (Pre).
[[0;32m  OK  [0m] Reached target Local File Systems.
         Starting LSB: AppArmor initialization...
         Starting Create Volatile Files and Directories...
         Starting Tell Plymouth To Write Out Runtime Data...
         Starting Initial cloud-init job (pre-networking)...
         Starting Set console font and keymap...
[[0;32m  OK  [0m] Started Tell Plymouth To Write Out Runtime Data.
[[0;32m  OK  [0m] Started Create Volatile Files and Directories.
         Starting Update UTMP about System Boot/Shutdown...
[[0;32m  OK  [0m] Started Update UTMP about System Boot/Shutdown.
[[0;32m  OK  [0m] Started Set console font and keymap.
[[0;32m  OK  [0m] Created slice system-getty.slice.
[[0;32m  OK  [0m] Found device 82540EM Gigabit Ethern...r (PRO/1000 MT Desktop Adapter).
[[0;32m  OK  [0m] Started LSB: AppArmor initialization.
[    6.683207] cloud-init[535]: Cloud-init v. 18.4-0ubuntu1~16.04.2 running 'init-local' at Sat, 14 Sep 2019 18:31:41 +0000. Up 6.25 seconds.
[[0;32m  OK  [0m] Started Initial cloud-init job (pre-networking).
[[0;32m  OK  [0m] Reached target Network (Pre).
[[0;32m  OK  [0m] Started ifup for enp0s3.
         Starting Raise network interfaces...
[[0;32m  OK  [0m] Started Raise network interfaces.
[[0;32m  OK  [0m] Reached target Network.
         Starting Initial cloud-init job (metadata service crawler)...
[    7.768033] cloud-init[956]: Cloud-init v. 18.4-0ubuntu1~16.04.2 running 'init' at Sat, 14 Sep 2019 18:31:43 +0000. Up 7.38 seconds.
[    7.771346] cloud-init[956]: ci-info: ++++++++++++++++++++++++++++++++++++++Net device info++++++++++++++++++++++++++++++++++++++
[    7.773584] cloud-init[956]: ci-info: +--------+------+----------------------------+---------------+--------+-------------------+
[    7.776375] cloud-init[956]: ci-info: | Device |  Up  |          Address           |      Mask     | Scope  |     Hw-Address    |
[    7.779476] cloud-init[956]: ci-info: +--------+------+----------------------------+---------------+--------+-------------------+
[    7.781430] cloud-init[956]: ci-info: | enp0s3 | True |         10.0.2.15          | 255.255.255.0 | global | 02:3e:59:1c:26:9a |
[    7.785321] cloud-init[956]: ci-info: | enp0s3 | True | fe80::3e:59ff:fe1c:269a/64 |       .       |  link  | 02:3e:59:1c:26:9a |
[    7.787642] cloud-init[956]: ci-info: |   lo   | True |         127.0.0.1          |   255.0.0.0   |  host  |         .         |
[    7.790500] cloud-init[956]: ci-info: |   lo   | True |          ::1/128           |       .       |  host  |         .         |
[    7.793383] cloud-init[956]: ci-info: +--------+------+----------------------------+---------------+--------+-------------------+
[    7.796349] cloud-init[956]: ci-info: +++++++++++++++++++++++++++Route IPv4 info++++++++++++++++++++++++++++
[    7.798247] cloud-init[956]: ci-info: +-------+-------------+----------+---------------+-----------+-------+
[    7.800521] cloud-init[956]: ci-info: | Route | Destination | Gateway  |    Genmask    | Interface | Flags |
[    7.803462] cloud-init[956]: ci-info: +-------+-------------+----------+---------------+-----------+-------+
[    7.805388] cloud-init[956]: ci-info: |   0   |   0.0.0.0   | 10.0.2.2 |    0.0.0.0    |   enp0s3  |   UG  |
[    7.807281] cloud-init[956]: ci-info: |   1   |   10.0.2.0  | 0.0.0.0  | 255.255.255.0 |   enp0s3  |   U   |
[    7.810399] cloud-init[956]: ci-info: +-------+-------------+----------+---------------+-----------+-------+
[    7.812932] cloud-init[956]: ci-info: +++++++++++++++++++Route IPv6 info+++++++++++++++++++
[    7.815287] cloud-init[956]: ci-info: +-------+-------------+---------+-----------+-------+
[    7.818090] cloud-init[956]: ci-info: | Route | Destination | Gateway | Interface | Flags |
[    7.820766] cloud-init[956]: ci-info: +-------+-------------+---------+-----------+-------+
[    7.822832] cloud-init[956]: ci-info: |   0   |  fe80::/64  |    ::   |   enp0s3  |   U   |
[    7.824620] cloud-init[956]: ci-info: |   3   |   ff00::/8  |    ::   |   enp0s3  |   U   |
[    7.826895] cloud-init[956]: ci-info: +-------+-------------+---------+-----------+-------+
[[0;32m  OK  [0m] Started Initial cloud-init job (metadata service crawler).
[[0;32m  OK  [0m] Reached target System Initialization.
[[0;32m  OK  [0m] Started ACPI Events Check.
[[0;32m  OK  [0m] Reached target Paths.
[[0;32m  OK  [0m] Listening on UUID daemon activation socket.
[[0;32m  OK  [0m] Started Daily Cleanup of Temporary Directories.
         Starting Socket activation for snappy daemon.
[[0;32m  OK  [0m] Started Daily apt download activities.
[[0;32m  OK  [0m] Started Daily apt upgrade and clean activities.
[[0;32m  OK  [0m] Reached target Timers.
[[0;32m  OK  [0m] Listening on D-Bus System Message Bus Socket.
         Starting LXD - unix socket.
[[0;32m  OK  [0m] Listening on ACPID Listen Socket.
[[0;32m  OK  [0m] Reached target Cloud-config availability.
[[0;32m  OK  [0m] Reached target Network is Online.
         Starting iSCSI initiator daemon (iscsid)...
[[0;32m  OK  [0m] Listening on Socket activation for snappy daemon.
[[0;32m  OK  [0m] Listening on LXD - unix socket.
[[0;32m  OK  [0m] Started iSCSI initiator daemon (iscsid).
         Starting Login to default iSCSI targets...
[[0;32m  OK  [0m] Reached target Sockets.
[[0;32m  OK  [0m] Reached target Basic System.
[[0;32m  OK  [0m] Started D-Bus System Message Bus.
         Starting LXD - container startup/shutdown...
         Starting System Logging Service...
[[0;32m  OK  [0m] Started FUSE filesystem for LXC.
[[0;32m  OK  [0m] Started ACPI event daemon.
         Starting Login Service...
         Starting Accounts Service...
         Starting LSB: Record successful boot for GRUB...
[[0;32m  OK  [0m] Started Unattended Upgrades Shutdown.
[[0;32m  OK  [0m] Started Deferred execution scheduler.
         Starting LSB: MD monitoring daemon...
         Starting vboxadd.service...
[[0;32m  OK  [0m] Started Regular background program processing daemon.
         Starting OpenBSD Secure Shell server...
         Starting /etc/rc.local Compatibility...
         Starting Snappy daemon...
[[0;32m  OK  [0m] Started System Logging Service.
[[0;32m  OK  [0m] Started /etc/rc.local Compatibility.
[[0;32m  OK  [0m] Started Login to default iSCSI targets.
[[0;32m  OK  [0m] Started OpenBSD Secure Shell server.
[[0;32m  OK  [0m] Started LXD - container startup/shutdown.
[[0;32m  OK  [0m] Started LSB: Record successful boot for GRUB.
[[0;32m  OK  [0m] Started Login Service.
         Starting Authenticate and Authorize Users to Run Privileged Tasks...
[[0;32m  OK  [0m] Reached target Remote File Systems (Pre).
[[0;32m  OK  [0m] Reached target Remote File Systems.
         Starting LSB: Set the CPU Frequency Scaling governor to "ondemand"...
         Starting LSB: daemon to balance interrupts for SMP systems...
         Starting Permit User Sessions...
         Starting LSB: automatic crash report generation...
[[0;32m  OK  [0m] Started LSB: MD monitoring daemon.
[[0;32m  OK  [0m] Started Permit User Sessions.
         Starting Terminate Plymouth Boot Screen...
         Starting Hold until boot process finishes up...
[[0;32m  OK  [0m] Started LSB: Set the CPU Frequency Scaling governor to "ondemand".
[[0;32m  OK  [0m] Started LSB: daemon to balance interrupts for SMP systems.
[[0;32m  OK  [0m] Started Terminate Plymouth Boot Screen.
[[0;32m  OK  [0m] Started Hold until boot process finishes up.
[[0;32m  OK  [0m] Started Authenticate and Authorize Users to Run Privileged Tasks.
[[0;32m  OK  [0m] Started Accounts Service.
[[0;32m  OK  [0m] Started Serial Getty on ttyS0.
         Starting Set console scheme...
[[0;32m  OK  [0m] Started Getty on tty1.
[[0;32m  OK  [0m] Reached target Login Prompts.
[[0;32m  OK  [0m] Started LSB: automatic crash report generation.
[[0;32m  OK  [0m] Started Set console scheme.
[[0;32m  OK  [0m] Started Snappy daemon.
         Starting Wait until snapd is fully seeded...
[[0;32m  OK  [0m] Started Wait until snapd is fully seeded.
         Starting Apply the settings specified in cloud-config...
[    9.851087] cloud-init[1198]: Cloud-init v. 18.4-0ubuntu1~16.04.2 running 'modules:config' at Sat, 14 Sep 2019 18:31:45 +0000. Up 9.53 seconds.
[[0;32m  OK  [0m] Started Apply the settings specified in cloud-config.
[[0;32m  OK  [0m] Started vboxadd.service.
         Starting vboxadd-service.service...
[[0;32m  OK  [0m] Started vboxadd-service.service.
[[0;32m  OK  [0m] Reached target Multi-User System.
         Starting Execute cloud user/final scripts...
[[0;32m  OK  [0m] Reached target Graphical Interface.
         Starting Update UTMP about System Runlevel Changes...
[[0;32m  OK  [0m] Started Update UTMP about System Runlevel Changes.
[   10.789296] cloud-init[1275]: Cloud-init v. 18.4-0ubuntu1~16.04.2 running 'modules:final' at Sat, 14 Sep 2019 18:31:46 +0000. Up 10.63 seconds.
[   10.791884] cloud-init[1275]: Cloud-init v. 18.4-0ubuntu1~16.04.2 finished at Sat, 14 Sep 2019 18:31:46 +0000. Datasource DataSourceNoCloud [seed=/dev/sdb][dsmode=net].  Up 10.78 seconds
[[0;32m  OK  [0m] Started Execute cloud user/final scripts.
[[0;32m  OK  [0m] Reached target Cloud-init target.

Ubuntu 16.04.5 LTS ubuntu-xenial ttyS0

ubuntu-xenial login: 